<?xml version="1.0" encoding="UTF-8"?>
<!-- Generated by org.testng.reporters.JUnitXMLReporter -->
<testsuite ignored="0" hostname="EC2AMAZ-CS00R8Q" failures="7" tests="27" name="Test" time="108.608" errors="0" timestamp="2025-07-21T17:25:54 UTC">
  <testcase classname="tests.LoginTest" name="TC_01VerifyLogin" time="0.826">
    <failure type="java.lang.AssertionError" message="Username input mismatch did not expect [standard_user] but found [standard_user]">
      <![CDATA[java.lang.AssertionError: Username input mismatch did not expect [standard_user] but found [standard_user]
at tests.LoginTest.TC_01VerifyLogin(LoginTest.java:63)
at java.base/java.util.ArrayList.forEach(ArrayList.java:1596)
... Removed 29 stack frames]]>
    </failure>
  </testcase> <!-- TC_01VerifyLogin -->
  <testcase classname="tests.LoginTest" name="TC_02verifyLogin" time="0.842">
    <failure type="java.lang.AssertionError" message="Password input mismatch did not expect [secret_sauce] but found [secret_sauce]">
      <![CDATA[java.lang.AssertionError: Password input mismatch did not expect [secret_sauce] but found [secret_sauce]
at tests.LoginTest.TC_02verifyLogin(LoginTest.java:88)
at java.base/java.util.ArrayList.forEach(ArrayList.java:1596)
... Removed 29 stack frames]]>
    </failure>
  </testcase> <!-- TC_02verifyLogin -->
  <testcase classname="tests.LoginTest" name="TC_03verifyLogin" time="0.658"/>
  <testcase classname="tests.LoginTest" name="TC_04verifyUsernameAndPasswordInput" time="0.594">
    <failure type="java.lang.AssertionError" message="Username input mismatch did not expect [standard_user] but found [standard_user]">
      <![CDATA[java.lang.AssertionError: Username input mismatch did not expect [standard_user] but found [standard_user]
at tests.LoginTest.TC_04verifyUsernameAndPasswordInput(LoginTest.java:135)
at java.base/java.util.ArrayList.forEach(ArrayList.java:1596)
... Removed 29 stack frames]]>
    </failure>
  </testcase> <!-- TC_04verifyUsernameAndPasswordInput -->
  <testcase classname="tests.LoginTest" name="TC_loginPopupWait" time="3.827"/>
  <testcase classname="tests.LoginTest" name="TC_verifyLoginFieldsAreEnabled" time="0.509"/>
  <testcase classname="tests.LoginTest" name="testInvalidLogin" time="0.837"/>
  <testcase classname="tests.LoginTest" name="testValidLogin" time="0.96"/>
  <testcase classname="tests.InventoryTest" name="TC_productCard" time="4.51"/>
  <testcase classname="tests.InventoryTest" name="testInventoryPageLoads" time="0.73"/>
  <testcase classname="tests.InventoryTest" name="testAllProductsAreVisible" time="1.016"/>
  <testcase classname="tests.InventoryTest" name="testProductDetailsAreVisible" time="1.238"/>
  <testcase classname="tests.InventoryTest" name="testAddToCartButtonFunctionality" time="0.99"/>
  <testcase classname="tests.InventoryTest" name="testProductSortDropdown" time="4.204"/>
  <testcase classname="tests.AddToCartTest" name="TC_addToCartButtonUI" time="1.657">
    <failure type="java.lang.AssertionError" message="Background color does not match expected value expected [rgba(19, 35, 34, 1)] but found [rgba(255, 255, 255, 1)]">
      <![CDATA[java.lang.AssertionError: Background color does not match expected value expected [rgba(19, 35, 34, 1)] but found [rgba(255, 255, 255, 1)]
at tests.AddToCartTest.TC_addToCartButtonUI(AddToCartTest.java:33)
at java.base/java.util.ArrayList.forEach(ArrayList.java:1596)
... Removed 30 stack frames]]>
    </failure>
  </testcase> <!-- TC_addToCartButtonUI -->
  <testcase classname="tests.AddToCartTest" name="TC_verifyCart" time="0.728">
    <failure type="java.lang.NullPointerException" message="Cannot invoke &amp;quot;String.contains(java.lang.CharSequence)&amp;quot; because &amp;quot;href&amp;quot; is null">
      <![CDATA[java.lang.NullPointerException: Cannot invoke "String.contains(java.lang.CharSequence)" because "href" is null
at tests.AddToCartTest.TC_verifyCart(AddToCartTest.java:81)
at java.base/java.util.ArrayList.forEach(ArrayList.java:1596)
... Removed 25 stack frames]]>
    </failure>
  </testcase> <!-- TC_verifyCart -->
  <testcase classname="tests.AddToCartTest" name="testAddMultipleItemsToCart" time="1.286"/>
  <testcase classname="tests.AddToCartTest" name="testAddSingleItemToCart" time="1.019"/>
  <testcase classname="tests.CartInteractionTest" name="testCartAndContinueShoppingButtons" time="1.376"/>
  <testcase classname="tests.CartInteractionTest" name="testCheckoutButtonNavigatesToStepOne" time="1.26"/>
  <testcase classname="tests.CartInteractionTest" name="testRemoveItemFromCart" time="1.246"/>
  <testcase classname="tests.CheckoutInformationTest" name="testValidCheckoutInformation" time="1.673"/>
  <testcase classname="tests.CheckoutNavigationTest" name="testCancelButtonReturnsToInventoryPage" time="1.242">
    <failure type="java.lang.AssertionError" message="expected [true] but found [false]">
      <![CDATA[java.lang.AssertionError: expected [true] but found [false]
at tests.CheckoutNavigationTest.testCancelButtonReturnsToInventoryPage(CheckoutNavigationTest.java:52)
at java.base/java.util.ArrayList.forEach(ArrayList.java:1596)
... Removed 29 stack frames]]>
    </failure>
  </testcase> <!-- testCancelButtonReturnsToInventoryPage -->
  <testcase classname="tests.CheckoutNavigationTest" name="testContinueButtonTakesToOverviewPage" time="1.728"/>
  <testcase classname="tests.MenuNavigationTest" name="testBackToHomeButtonAfterCheckout" time="2.239"/>
  <testcase classname="tests.MenuNavigationTest" name="testLogoutFromMenu" time="1.062">
    <failure type="org.openqa.selenium.ElementNotInteractableException" message="element not interactable
  (Session info: chrome=138.0.7204.158)
Build info: version: &amp;apos;4.20.0&amp;apos;, revision: &amp;apos;866c76ca80&amp;apos;
System info: os.name: &amp;apos;Windows Server 2025&amp;apos;, os.arch: &amp;apos;amd64&amp;apos;, os.version: &amp;apos;10.0&amp;apos;, java.version: &amp;apos;21.0.7&amp;apos;
Driver info: org.openqa.selenium.chrome.ChromeDriver
Command: [c0e273bc4bb1ec8e33a68b6890902d79, clickElement {id=f.C1B70B389847AE53613E24F096CDDCEF.d.3C8ACA85C813FA8BADEB12D17AF43CE1.e.26}]
Capabilities {acceptInsecureCerts: false, browserName: chrome, browserVersion: 138.0.7204.158, chrome: {chromedriverVersion: 138.0.7204.157 (e533e98b126..., userDataDir: C:\Users\LABSKR~1\AppData\L...}, fedcm:accounts: true, goog:chromeOptions: {debuggerAddress: localhost:53487}, networkConnectionEnabled: false, pageLoadStrategy: normal, platformName: windows, proxy: Proxy(), se:cdp: ws://localhost:53487/devtoo..., se:cdpVersion: 138.0.7204.158, setWindowRect: true, strictFileInteractability: false, timeouts: {implicit: 0, pageLoad: 300000, script: 30000}, unhandledPromptBehavior: dismiss and notify, webauthn:extension:credBlob: true, webauthn:extension:largeBlob: true, webauthn:extension:minPinLength: true, webauthn:extension:prf: true, webauthn:virtualAuthenticators: true}
Element: [[ChromeDriver: chrome on windows (c0e273bc4bb1ec8e33a68b6890902d79)] -&amp;gt; id: logout_sidebar_link]
Session ID: c0e273bc4bb1ec8e33a68b6890902d79">
      <![CDATA[org.openqa.selenium.ElementNotInteractableException: element not interactable
  (Session info: chrome=138.0.7204.158)
Build info: version: '4.20.0', revision: '866c76ca80'
System info: os.name: 'Windows Server 2025', os.arch: 'amd64', os.version: '10.0', java.version: '21.0.7'
Driver info: org.openqa.selenium.chrome.ChromeDriver
Command: [c0e273bc4bb1ec8e33a68b6890902d79, clickElement {id=f.C1B70B389847AE53613E24F096CDDCEF.d.3C8ACA85C813FA8BADEB12D17AF43CE1.e.26}]
Capabilities {acceptInsecureCerts: false, browserName: chrome, browserVersion: 138.0.7204.158, chrome: {chromedriverVersion: 138.0.7204.157 (e533e98b126..., userDataDir: C:\Users\LABSKR~1\AppData\L...}, fedcm:accounts: true, goog:chromeOptions: {debuggerAddress: localhost:53487}, networkConnectionEnabled: false, pageLoadStrategy: normal, platformName: windows, proxy: Proxy(), se:cdp: ws://localhost:53487/devtoo..., se:cdpVersion: 138.0.7204.158, setWindowRect: true, strictFileInteractability: false, timeouts: {implicit: 0, pageLoad: 300000, script: 30000}, unhandledPromptBehavior: dismiss and notify, webauthn:extension:credBlob: true, webauthn:extension:largeBlob: true, webauthn:extension:minPinLength: true, webauthn:extension:prf: true, webauthn:virtualAuthenticators: true}
Element: [[ChromeDriver: chrome on windows (c0e273bc4bb1ec8e33a68b6890902d79)] -> id: logout_sidebar_link]
Session ID: c0e273bc4bb1ec8e33a68b6890902d79
at org.openqa.selenium.remote.ErrorCodec.decode(ErrorCodec.java:167)
at org.openqa.selenium.remote.codec.w3c.W3CHttpResponseCodec.decode(W3CHttpResponseCodec.java:138)
at org.openqa.selenium.remote.codec.w3c.W3CHttpResponseCodec.decode(W3CHttpResponseCodec.java:50)
at org.openqa.selenium.remote.HttpCommandExecutor.execute(HttpCommandExecutor.java:190)
at org.openqa.selenium.remote.service.DriverCommandExecutor.invokeExecute(DriverCommandExecutor.java:216)
at org.openqa.selenium.remote.service.DriverCommandExecutor.execute(DriverCommandExecutor.java:174)
at org.openqa.selenium.remote.RemoteWebDriver.execute(RemoteWebDriver.java:518)
at org.openqa.selenium.remote.RemoteWebElement.execute(RemoteWebElement.java:223)
at org.openqa.selenium.remote.RemoteWebElement.click(RemoteWebElement.java:76)
at tests.MenuNavigationTest.testLogoutFromMenu(MenuNavigationTest.java:61)
at java.base/java.util.ArrayList.forEach(ArrayList.java:1596)
... Removed 28 stack frames]]>
    </failure>
  </testcase> <!-- testLogoutFromMenu -->
  <testcase classname="tests.MenuNavigationTest" name="testMenuItemsVisibilityAndNavigation" time="0.921"/>
</testsuite> <!-- Test -->
