<!DOCTYPE html PUBLIC "-//W3C//DTD XHTML 1.1//EN" "https://www.w3.org/TR/xhtml11/DTD/xhtml11.dtd">
<html xmlns="https://www.w3.org/1999/xhtml">
<head>
<meta http-equiv="content-type" content="text/html; charset=UTF-8"/>
<title>TestNG Report</title>
<style type="text/css">table {margin-bottom:10px;border-collapse:collapse;empty-cells:show}th,td {border:1px solid #009;padding:.25em .5em}th {vertical-align:bottom}td {vertical-align:top}table a {font-weight:bold}.stripe td {background-color: #E6EBF9}.num {text-align:right}.passedodd td {background-color: #3F3}.passedeven td {background-color: #0A0}.skippedodd td {background-color: #DDD}.skippedeven td {background-color: #CCC}.failedodd td,.attn {background-color: #F33}.failedeven td,.stripe .attn {background-color: #D00}.stacktrace {white-space:pre;font-family:monospace}.totop {font-size:85%;text-align:center;border-bottom:2px solid #000}.invisible {display:none}</style>
</head>
<body>
<table>
<tr><th>Test</th><th># Passed</th><th># Skipped</th><th># Retried</th><th># Failed</th><th>Time (ms)</th><th>Included Groups</th><th>Excluded Groups</th></tr>
<tr><th colspan="8">Suite</th></tr>
<tr><td><a href="#t0">Test</a></td><td class="num">20</td><td class="num">0</td><td class="num">0</td><td class="num attn">7</td><td class="num">108,608</td><td></td><td></td></tr>
</table>
<table id='summary'><thead><tr><th>Class</th><th>Method</th><th>Start</th><th>Time (ms)</th></tr></thead><tbody><tr><th colspan="4">Suite</th></tr></tbody><tbody id="t0"><tr><th colspan="4">Test &#8212; failed</th></tr><tr class="failedeven"><td rowspan="2">tests.AddToCartTest</td><td><a href="#m0">TC_addToCartButtonUI</a></td><td rowspan="1">1753118706290</td><td rowspan="1">1657</td></tr><tr class="failedeven"><td><a href="#m1">TC_verifyCart</a></td><td rowspan="1">1753118710723</td><td rowspan="1">728</td></tr><tr class="failedodd"><td rowspan="1">tests.CheckoutNavigationTest</td><td><a href="#m2">testCancelButtonReturnsToInventoryPage</a></td><td rowspan="1">1753118737024</td><td rowspan="1">1242</td></tr><tr class="failedeven"><td rowspan="3">tests.LoginTest</td><td><a href="#m3">TC_01VerifyLogin</a></td><td rowspan="1">1753118650279</td><td rowspan="1">826</td></tr><tr class="failedeven"><td><a href="#m4">TC_02verifyLogin</a></td><td rowspan="1">1753118653500</td><td rowspan="1">842</td></tr><tr class="failedeven"><td><a href="#m5">TC_04verifyUsernameAndPasswordInput</a></td><td rowspan="1">1753118660106</td><td rowspan="1">594</td></tr><tr class="failedodd"><td rowspan="1">tests.MenuNavigationTest</td><td><a href="#m6">testLogoutFromMenu</a></td><td rowspan="1">1753118749533</td><td rowspan="1">1062</td></tr><tr><th colspan="4">Test &#8212; passed</th></tr><tr class="passedeven"><td rowspan="2">tests.AddToCartTest</td><td><a href="#m7">testAddMultipleItemsToCart</a></td><td rowspan="1">1753118714014</td><td rowspan="1">1286</td></tr><tr class="passedeven"><td><a href="#m8">testAddSingleItemToCart</a></td><td rowspan="1">1753118717909</td><td rowspan="1">1019</td></tr><tr class="passedodd"><td rowspan="3">tests.CartInteractionTest</td><td><a href="#m9">testCartAndContinueShoppingButtons</a></td><td rowspan="1">1753118721238</td><td rowspan="1">1376</td></tr><tr class="passedodd"><td><a href="#m10">testCheckoutButtonNavigatesToStepOne</a></td><td rowspan="1">1753118725268</td><td rowspan="1">1260</td></tr><tr class="passedodd"><td><a href="#m11">testRemoveItemFromCart</a></td><td rowspan="1">1753118728923</td><td rowspan="1">1246</td></tr><tr class="passedeven"><td rowspan="1">tests.CheckoutInformationTest</td><td><a href="#m12">testValidCheckoutInformation</a></td><td rowspan="1">1753118732670</td><td rowspan="1">1673</td></tr><tr class="passedodd"><td rowspan="1">tests.CheckoutNavigationTest</td><td><a href="#m13">testContinueButtonTakesToOverviewPage</a></td><td rowspan="1">1753118740677</td><td rowspan="1">1728</td></tr><tr class="passedeven"><td rowspan="6">tests.InventoryTest</td><td><a href="#m14">TC_productCard</a></td><td rowspan="1">1753118679186</td><td rowspan="1">4510</td></tr><tr class="passedeven"><td><a href="#m15">testAddToCartButtonFunctionality</a></td><td rowspan="1">1753118696427</td><td rowspan="1">990</td></tr><tr class="passedeven"><td><a href="#m16">testAllProductsAreVisible</a></td><td rowspan="1">1753118689308</td><td rowspan="1">1016</td></tr><tr class="passedeven"><td><a href="#m17">testInventoryPageLoads</a></td><td rowspan="1">1753118686114</td><td rowspan="1">730</td></tr><tr class="passedeven"><td><a href="#m18">testProductDetailsAreVisible</a></td><td rowspan="1">1753118692776</td><td rowspan="1">1238</td></tr><tr class="passedeven"><td><a href="#m19">testProductSortDropdown</a></td><td rowspan="1">1753118699709</td><td rowspan="1">4204</td></tr><tr class="passedodd"><td rowspan="5">tests.LoginTest</td><td><a href="#m20">TC_03verifyLogin</a></td><td rowspan="1">1753118656928</td><td rowspan="1">658</td></tr><tr class="passedodd"><td><a href="#m21">TC_loginPopupWait</a></td><td rowspan="1">1753118663308</td><td rowspan="1">3827</td></tr><tr class="passedodd"><td><a href="#m22">TC_verifyLoginFieldsAreEnabled</a></td><td rowspan="1">1753118669564</td><td rowspan="1">509</td></tr><tr class="passedodd"><td><a href="#m23">testInvalidLogin</a></td><td rowspan="1">1753118672649</td><td rowspan="1">837</td></tr><tr class="passedodd"><td><a href="#m24">testValidLogin</a></td><td rowspan="1">1753118675845</td><td rowspan="1">960</td></tr><tr class="passedeven"><td rowspan="2">tests.MenuNavigationTest</td><td><a href="#m25">testBackToHomeButtonAfterCheckout</a></td><td rowspan="1">1753118744821</td><td rowspan="1">2239</td></tr><tr class="passedeven"><td><a href="#m26">testMenuItemsVisibilityAndNavigation</a></td><td rowspan="1">1753118753125</td><td rowspan="1">921</td></tr></tbody>
</table>
<h2>Test</h2><h3 id="m0">tests.AddToCartTest#TC_addToCartButtonUI</h3><table class="result"><tr><th>Exception</th></tr><tr><td><div class="stacktrace">java.lang.AssertionError: Background color does not match expected value expected [rgba(19, 35, 34, 1)] but found [rgba(255, 255, 255, 1)]
	at tests.AddToCartTest.TC_addToCartButtonUI(AddToCartTest.java:33)
	at java.base/java.util.ArrayList.forEach(ArrayList.java:1596)
... Removed 30 stack frames</div></td></tr></table><p class="totop"><a href="#summary">back to summary</a></p>
<h3 id="m1">tests.AddToCartTest#TC_verifyCart</h3><table class="result"><tr><th>Exception</th></tr><tr><td><div class="stacktrace">java.lang.NullPointerException: Cannot invoke &quot;String.contains(java.lang.CharSequence)&quot; because &quot;href&quot; is null
	at tests.AddToCartTest.TC_verifyCart(AddToCartTest.java:81)
	at java.base/java.util.ArrayList.forEach(ArrayList.java:1596)
... Removed 25 stack frames</div></td></tr></table><p class="totop"><a href="#summary">back to summary</a></p>
<h3 id="m2">tests.CheckoutNavigationTest#testCancelButtonReturnsToInventoryPage</h3><table class="result"><tr><th>Exception</th></tr><tr><td><div class="stacktrace">java.lang.AssertionError: expected [true] but found [false]
	at tests.CheckoutNavigationTest.testCancelButtonReturnsToInventoryPage(CheckoutNavigationTest.java:52)
	at java.base/java.util.ArrayList.forEach(ArrayList.java:1596)
... Removed 29 stack frames</div></td></tr></table><p class="totop"><a href="#summary">back to summary</a></p>
<h3 id="m3">tests.LoginTest#TC_01VerifyLogin</h3><table class="result"><tr><th>Exception</th></tr><tr><td><div class="stacktrace">java.lang.AssertionError: Username input mismatch did not expect [standard_user] but found [standard_user]
	at tests.LoginTest.TC_01VerifyLogin(LoginTest.java:63)
	at java.base/java.util.ArrayList.forEach(ArrayList.java:1596)
... Removed 29 stack frames</div></td></tr></table><p class="totop"><a href="#summary">back to summary</a></p>
<h3 id="m4">tests.LoginTest#TC_02verifyLogin</h3><table class="result"><tr><th>Exception</th></tr><tr><td><div class="stacktrace">java.lang.AssertionError: Password input mismatch did not expect [secret_sauce] but found [secret_sauce]
	at tests.LoginTest.TC_02verifyLogin(LoginTest.java:88)
	at java.base/java.util.ArrayList.forEach(ArrayList.java:1596)
... Removed 29 stack frames</div></td></tr></table><p class="totop"><a href="#summary">back to summary</a></p>
<h3 id="m5">tests.LoginTest#TC_04verifyUsernameAndPasswordInput</h3><table class="result"><tr><th>Exception</th></tr><tr><td><div class="stacktrace">java.lang.AssertionError: Username input mismatch did not expect [standard_user] but found [standard_user]
	at tests.LoginTest.TC_04verifyUsernameAndPasswordInput(LoginTest.java:135)
	at java.base/java.util.ArrayList.forEach(ArrayList.java:1596)
... Removed 29 stack frames</div></td></tr></table><p class="totop"><a href="#summary">back to summary</a></p>
<h3 id="m6">tests.MenuNavigationTest#testLogoutFromMenu</h3><table class="result"><tr><th>Exception</th></tr><tr><td><div class="stacktrace">org.openqa.selenium.ElementNotInteractableException: element not interactable
  (Session info: chrome=138.0.7204.158)
Build info: version: &apos;4.20.0&apos;, revision: &apos;866c76ca80&apos;
System info: os.name: &apos;Windows Server 2025&apos;, os.arch: &apos;amd64&apos;, os.version: &apos;10.0&apos;, java.version: &apos;21.0.7&apos;
Driver info: org.openqa.selenium.chrome.ChromeDriver
Command: [c0e273bc4bb1ec8e33a68b6890902d79, clickElement {id=f.C1B70B389847AE53613E24F096CDDCEF.d.3C8ACA85C813FA8BADEB12D17AF43CE1.e.26}]
Capabilities {acceptInsecureCerts: false, browserName: chrome, browserVersion: 138.0.7204.158, chrome: {chromedriverVersion: 138.0.7204.157 (e533e98b126..., userDataDir: C:\Users\LABSKR~1\AppData\L...}, fedcm:accounts: true, goog:chromeOptions: {debuggerAddress: localhost:53487}, networkConnectionEnabled: false, pageLoadStrategy: normal, platformName: windows, proxy: Proxy(), se:cdp: ws://localhost:53487/devtoo..., se:cdpVersion: 138.0.7204.158, setWindowRect: true, strictFileInteractability: false, timeouts: {implicit: 0, pageLoad: 300000, script: 30000}, unhandledPromptBehavior: dismiss and notify, webauthn:extension:credBlob: true, webauthn:extension:largeBlob: true, webauthn:extension:minPinLength: true, webauthn:extension:prf: true, webauthn:virtualAuthenticators: true}
Element: [[ChromeDriver: chrome on windows (c0e273bc4bb1ec8e33a68b6890902d79)] -&gt; id: logout_sidebar_link]
Session ID: c0e273bc4bb1ec8e33a68b6890902d79
	at org.openqa.selenium.remote.ErrorCodec.decode(ErrorCodec.java:167)
	at org.openqa.selenium.remote.codec.w3c.W3CHttpResponseCodec.decode(W3CHttpResponseCodec.java:138)
	at org.openqa.selenium.remote.codec.w3c.W3CHttpResponseCodec.decode(W3CHttpResponseCodec.java:50)
	at org.openqa.selenium.remote.HttpCommandExecutor.execute(HttpCommandExecutor.java:190)
	at org.openqa.selenium.remote.service.DriverCommandExecutor.invokeExecute(DriverCommandExecutor.java:216)
	at org.openqa.selenium.remote.service.DriverCommandExecutor.execute(DriverCommandExecutor.java:174)
	at org.openqa.selenium.remote.RemoteWebDriver.execute(RemoteWebDriver.java:518)
	at org.openqa.selenium.remote.RemoteWebElement.execute(RemoteWebElement.java:223)
	at org.openqa.selenium.remote.RemoteWebElement.click(RemoteWebElement.java:76)
	at tests.MenuNavigationTest.testLogoutFromMenu(MenuNavigationTest.java:61)
	at java.base/java.util.ArrayList.forEach(ArrayList.java:1596)
... Removed 28 stack frames</div></td></tr></table><p class="totop"><a href="#summary">back to summary</a></p>
<h3 id="m7">tests.AddToCartTest#testAddMultipleItemsToCart</h3><table class="result"><tr><th class="invisible"/></tr></table><p class="totop"><a href="#summary">back to summary</a></p>
<h3 id="m8">tests.AddToCartTest#testAddSingleItemToCart</h3><table class="result"><tr><th class="invisible"/></tr></table><p class="totop"><a href="#summary">back to summary</a></p>
<h3 id="m9">tests.CartInteractionTest#testCartAndContinueShoppingButtons</h3><table class="result"><tr><th class="invisible"/></tr></table><p class="totop"><a href="#summary">back to summary</a></p>
<h3 id="m10">tests.CartInteractionTest#testCheckoutButtonNavigatesToStepOne</h3><table class="result"><tr><th class="invisible"/></tr></table><p class="totop"><a href="#summary">back to summary</a></p>
<h3 id="m11">tests.CartInteractionTest#testRemoveItemFromCart</h3><table class="result"><tr><th class="invisible"/></tr></table><p class="totop"><a href="#summary">back to summary</a></p>
<h3 id="m12">tests.CheckoutInformationTest#testValidCheckoutInformation</h3><table class="result"><tr><th class="invisible"/></tr></table><p class="totop"><a href="#summary">back to summary</a></p>
<h3 id="m13">tests.CheckoutNavigationTest#testContinueButtonTakesToOverviewPage</h3><table class="result"><tr><th class="invisible"/></tr></table><p class="totop"><a href="#summary">back to summary</a></p>
<h3 id="m14">tests.InventoryTest#TC_productCard</h3><table class="result"><tr><th class="invisible"/></tr></table><p class="totop"><a href="#summary">back to summary</a></p>
<h3 id="m15">tests.InventoryTest#testAddToCartButtonFunctionality</h3><table class="result"><tr><th class="invisible"/></tr></table><p class="totop"><a href="#summary">back to summary</a></p>
<h3 id="m16">tests.InventoryTest#testAllProductsAreVisible</h3><table class="result"><tr><th class="invisible"/></tr></table><p class="totop"><a href="#summary">back to summary</a></p>
<h3 id="m17">tests.InventoryTest#testInventoryPageLoads</h3><table class="result"><tr><th class="invisible"/></tr></table><p class="totop"><a href="#summary">back to summary</a></p>
<h3 id="m18">tests.InventoryTest#testProductDetailsAreVisible</h3><table class="result"><tr><th class="invisible"/></tr></table><p class="totop"><a href="#summary">back to summary</a></p>
<h3 id="m19">tests.InventoryTest#testProductSortDropdown</h3><table class="result"><tr><th class="invisible"/></tr></table><p class="totop"><a href="#summary">back to summary</a></p>
<h3 id="m20">tests.LoginTest#TC_03verifyLogin</h3><table class="result"><tr><th class="invisible"/></tr></table><p class="totop"><a href="#summary">back to summary</a></p>
<h3 id="m21">tests.LoginTest#TC_loginPopupWait</h3><table class="result"><tr><th class="invisible"/></tr></table><p class="totop"><a href="#summary">back to summary</a></p>
<h3 id="m22">tests.LoginTest#TC_verifyLoginFieldsAreEnabled</h3><table class="result"><tr><th class="invisible"/></tr></table><p class="totop"><a href="#summary">back to summary</a></p>
<h3 id="m23">tests.LoginTest#testInvalidLogin</h3><table class="result"><tr><th class="invisible"/></tr></table><p class="totop"><a href="#summary">back to summary</a></p>
<h3 id="m24">tests.LoginTest#testValidLogin</h3><table class="result"><tr><th class="invisible"/></tr></table><p class="totop"><a href="#summary">back to summary</a></p>
<h3 id="m25">tests.MenuNavigationTest#testBackToHomeButtonAfterCheckout</h3><table class="result"><tr><th class="invisible"/></tr></table><p class="totop"><a href="#summary">back to summary</a></p>
<h3 id="m26">tests.MenuNavigationTest#testMenuItemsVisibilityAndNavigation</h3><table class="result"><tr><th class="invisible"/></tr></table><p class="totop"><a href="#summary">back to summary</a></p>
</body>
</html>
